INFO:     Started server process [6424]
INFO:     Waiting for application startup.
INFO:     Application startup complete.
ERROR:    [Errno 10048] error while attempting to bind on address ('0.0.0.0', 8000): only one usage of each socket address (protocol/network address/port) is normally permitted
INFO:     Waiting for application shutdown.
INFO:     Application shutdown complete.
Task exception was never retrieved
future: <Task finished name='Task-1' coro=<main() done, defined at D:\A_TRIDEV\bot ban hang tridev new\bot tele 28-5-26\telegram_shop_bot_sepay\app\main.py:29> exception=SystemExit(1)>
Traceback (most recent call last):
  File "C:\Users\Tri Dev\AppData\Local\Programs\Python\Python311\Lib\site-packages\uvicorn\server.py", line 172, in startup
    server = await loop.create_server(
             ^^^^^^^^^^^^^^^^^^^^^^^^^
  File "C:\Users\Tri Dev\AppData\Local\Programs\Python\Python311\Lib\asyncio\base_events.py", line 1536, in create_server
    raise OSError(err.errno, msg) from None
OSError: [Errno 10048] error while attempting to bind on address ('0.0.0.0', 8000): only one usage of each socket address (protocol/network address/port) is normally permitted

During handling of the above exception, another exception occurred:

Traceback (most recent call last):
  File "C:\Users\Tri Dev\AppData\Local\Programs\Python\Python311\Lib\asyncio\runners.py", line 189, in run
    with Runner(debug=debug) as runner:
  File "C:\Users\Tri Dev\AppData\Local\Programs\Python\Python311\Lib\asyncio\runners.py", line 63, in __exit__
    self.close()
  File "C:\Users\Tri Dev\AppData\Local\Programs\Python\Python311\Lib\asyncio\runners.py", line 71, in close
    _cancel_all_tasks(loop)
  File "C:\Users\Tri Dev\AppData\Local\Programs\Python\Python311\Lib\asyncio\runners.py", line 201, in _cancel_all_tasks
    loop.run_until_complete(tasks.gather(*to_cancel, return_exceptions=True))
  File "C:\Users\Tri Dev\AppData\Local\Programs\Python\Python311\Lib\asyncio\base_events.py", line 641, in run_until_complete
    self.run_forever()
  File "C:\Users\Tri Dev\AppData\Local\Programs\Python\Python311\Lib\asyncio\windows_events.py", line 321, in run_forever
    super().run_forever()
  File "C:\Users\Tri Dev\AppData\Local\Programs\Python\Python311\Lib\asyncio\base_events.py", line 608, in run_forever
    self._run_once()
  File "C:\Users\Tri Dev\AppData\Local\Programs\Python\Python311\Lib\asyncio\base_events.py", line 1936, in _run_once
    handle._run()
  File "C:\Users\Tri Dev\AppData\Local\Programs\Python\Python311\Lib\asyncio\events.py", line 84, in _run
    self._context.run(self._callback, *self._args)
  File "D:\A_TRIDEV\bot ban hang tridev new\bot tele 28-5-26\telegram_shop_bot_sepay\app\main.py", line 51, in main
    await asyncio.gather(
  File "C:\Users\Tri Dev\AppData\Local\Programs\Python\Python311\Lib\asyncio\runners.py", line 190, in run
    return runner.run(main)
           ^^^^^^^^^^^^^^^^
  File "C:\Users\Tri Dev\AppData\Local\Programs\Python\Python311\Lib\asyncio\runners.py", line 118, in run
    return self._loop.run_until_complete(task)
           ^^^^^^^^^^^^^^^^^^^^^^^^^^^^^^^^^^^
  File "C:\Users\Tri Dev\AppData\Local\Programs\Python\Python311\Lib\asyncio\base_events.py", line 641, in run_until_complete
    self.run_forever()
  File "C:\Users\Tri Dev\AppData\Local\Programs\Python\Python311\Lib\asyncio\windows_events.py", line 321, in run_forever
    super().run_forever()
  File "C:\Users\Tri Dev\AppData\Local\Programs\Python\Python311\Lib\asyncio\base_events.py", line 608, in run_forever
    self._run_once()
  File "C:\Users\Tri Dev\AppData\Local\Programs\Python\Python311\Lib\asyncio\base_events.py", line 1936, in _run_once
    handle._run()
  File "C:\Users\Tri Dev\AppData\Local\Programs\Python\Python311\Lib\asyncio\events.py", line 84, in _run
    self._context.run(self._callback, *self._args)
  File "D:\A_TRIDEV\bot ban hang tridev new\bot tele 28-5-26\telegram_shop_bot_sepay\app\main.py", line 26, in run_web_server
    await server.serve()
  File "C:\Users\Tri Dev\AppData\Local\Programs\Python\Python311\Lib\site-packages\uvicorn\server.py", line 79, in serve
    await self._serve(sockets)
  File "C:\Users\Tri Dev\AppData\Local\Programs\Python\Python311\Lib\site-packages\uvicorn\server.py", line 94, in _serve
    await self.startup(sockets=sockets)
  File "C:\Users\Tri Dev\AppData\Local\Programs\Python\Python311\Lib\site-packages\uvicorn\server.py", line 182, in startup
    sys.exit(1)
SystemExit: 1
sys:1: RuntimeWarning: coroutine 'AiohttpSession.close' was never awaited
RuntimeWarning: Enable tracemalloc to get the object allocation traceback
Unclosed client session
client_session: <aiohttp.client.ClientSession object at 0x0000020FF64AB150>
